[debug] [2022-06-14T18:00:02.891Z] ----------------------------------------------------------------------
[debug] [2022-06-14T18:00:02.893Z] Command:       /usr/local/bin/firebase /Users/jenperez/.cache/firebase/tools/lib/node_modules/firebase-tools/lib/bin/firebase init
[debug] [2022-06-14T18:00:02.893Z] CLI Version:   10.0.1
[debug] [2022-06-14T18:00:02.893Z] Platform:      darwin
[debug] [2022-06-14T18:00:02.893Z] Node Version:  v12.18.1
[debug] [2022-06-14T18:00:02.898Z] Time:          Tue Jun 14 2022 14:00:02 GMT-0400 (Eastern Daylight Time)
[debug] [2022-06-14T18:00:02.898Z] ----------------------------------------------------------------------
[debug] 
[debug] [2022-06-14T18:00:02.906Z] > command requires scopes: ["email","openid","https://www.googleapis.com/auth/cloudplatformprojects.readonly","https://www.googleapis.com/auth/firebase","https://www.googleapis.com/auth/cloud-platform"]
[debug] [2022-06-14T18:00:02.906Z] > authorizing via signed-in user (jen@jenperez.dev)
[info] 
     ######## #### ########  ######## ########     ###     ######  ########
     ##        ##  ##     ## ##       ##     ##  ##   ##  ##       ##
     ######    ##  ########  ######   ########  #########  ######  ######
     ##        ##  ##    ##  ##       ##     ## ##     ##       ## ##
     ##       #### ##     ## ######## ########  ##     ##  ######  ########

You're about to initialize a Firebase project in this directory:

  /Users/jenperez/Downloads/unichat-course-master

[info] 
=== Project Setup
[info] 
[info] First, let's associate this project directory with a Firebase project.
[info] You can create multiple project aliases by running firebase use --add, 
[info] but for now we'll just set up a default project.
[info] 
[info] i  If you want to create a project in a Google Cloud organization or folder, please use "firebase projects:create" instead, and return to this command when you've created the project. 
[debug] [2022-06-14T18:00:45.292Z] > refreshing access token with scopes: ["email","https://www.googleapis.com/auth/cloud-platform","https://www.googleapis.com/auth/cloudplatformprojects.readonly","https://www.googleapis.com/auth/firebase","openid"]
[debug] [2022-06-14T18:00:45.294Z] >>> HTTP REQUEST POST https://www.googleapis.com/oauth2/v3/token  
 <request body omitted>
[debug] [2022-06-14T18:00:45.504Z] <<< HTTP RESPONSE 200 {"cache-control":"no-cache, no-store, max-age=0, must-revalidate","expires":"Mon, 01 Jan 1990 00:00:00 GMT","pragma":"no-cache","date":"Tue, 14 Jun 2022 18:00:45 GMT","content-type":"application/json; charset=utf-8","vary":"X-Origin, Referer, Origin,Accept-Encoding","server":"scaffolding on HTTPServer2","x-xss-protection":"0","x-frame-options":"SAMEORIGIN","x-content-type-options":"nosniff","alt-svc":"h3=\":443\"; ma=2592000,h3-29=\":443\"; ma=2592000,h3-Q050=\":443\"; ma=2592000,h3-Q046=\":443\"; ma=2592000,h3-Q043=\":443\"; ma=2592000,quic=\":443\"; ma=2592000; v=\"46,43\"","accept-ranges":"none","transfer-encoding":"chunked"}
[debug] [2022-06-14T18:00:45.547Z] >>> HTTP REQUEST POST https://cloudresourcemanager.googleapis.com/v1/projects  
 {"projectId":"owlchat","name":"owlchat"}
[debug] [2022-06-14T18:00:46.315Z] <<< HTTP RESPONSE 200 {"content-type":"application/json; charset=UTF-8","vary":"X-Origin, Referer, Origin,Accept-Encoding","date":"Tue, 14 Jun 2022 18:00:46 GMT","server":"ESF","cache-control":"private","x-xss-protection":"0","x-frame-options":"SAMEORIGIN","x-content-type-options":"nosniff","server-timing":"gfet4t7; dur=253","alt-svc":"h3=\":443\"; ma=2592000,h3-29=\":443\"; ma=2592000,h3-Q050=\":443\"; ma=2592000,h3-Q046=\":443\"; ma=2592000,h3-Q043=\":443\"; ma=2592000,quic=\":443\"; ma=2592000; v=\"46,43\"","accept-ranges":"none","transfer-encoding":"chunked"}
[debug] [2022-06-14T18:00:46.316Z] > refreshing access token with scopes: []
[debug] [2022-06-14T18:00:46.317Z] >>> HTTP REQUEST POST https://www.googleapis.com/oauth2/v3/token  
 <request body omitted>
[debug] [2022-06-14T18:00:46.425Z] <<< HTTP RESPONSE 200 {"pragma":"no-cache","date":"Tue, 14 Jun 2022 18:00:46 GMT","cache-control":"no-cache, no-store, max-age=0, must-revalidate","expires":"Mon, 01 Jan 1990 00:00:00 GMT","content-type":"application/json; charset=utf-8","vary":"X-Origin, Referer, Origin,Accept-Encoding","server":"scaffolding on HTTPServer2","x-xss-protection":"0","x-frame-options":"SAMEORIGIN","x-content-type-options":"nosniff","alt-svc":"h3=\":443\"; ma=2592000,h3-29=\":443\"; ma=2592000,h3-Q050=\":443\"; ma=2592000,h3-Q046=\":443\"; ma=2592000,h3-Q043=\":443\"; ma=2592000,quic=\":443\"; ma=2592000; v=\"46,43\"","accept-ranges":"none","transfer-encoding":"chunked"}
[debug] [2022-06-14T18:00:46.463Z] >>> [apiv2][query] GET https://cloudresourcemanager.googleapis.com/v1/operations/cp.5695395932723379802 [none]
[debug] [2022-06-14T18:00:46.976Z] <<< [apiv2][status] GET https://cloudresourcemanager.googleapis.com/v1/operations/cp.5695395932723379802 200
[debug] [2022-06-14T18:00:46.976Z] <<< [apiv2][body] GET https://cloudresourcemanager.googleapis.com/v1/operations/cp.5695395932723379802 {"name":"operations/cp.5695395932723379802"}
[debug] [2022-06-14T18:00:47.479Z] [Project Creation Poller] Retrying task index 0
[debug] [2022-06-14T18:00:47.479Z] >>> [apiv2][query] GET https://cloudresourcemanager.googleapis.com/v1/operations/cp.5695395932723379802 [none]
[debug] [2022-06-14T18:00:47.978Z] <<< [apiv2][status] GET https://cloudresourcemanager.googleapis.com/v1/operations/cp.5695395932723379802 200
[debug] [2022-06-14T18:00:47.978Z] <<< [apiv2][body] GET https://cloudresourcemanager.googleapis.com/v1/operations/cp.5695395932723379802 {"name":"operations/cp.5695395932723379802"}
[debug] [2022-06-14T18:00:48.979Z] [Project Creation Poller] Retrying task index 0
[debug] [2022-06-14T18:00:48.980Z] >>> [apiv2][query] GET https://cloudresourcemanager.googleapis.com/v1/operations/cp.5695395932723379802 [none]
[debug] [2022-06-14T18:00:49.353Z] <<< [apiv2][status] GET https://cloudresourcemanager.googleapis.com/v1/operations/cp.5695395932723379802 200
[debug] [2022-06-14T18:00:49.353Z] <<< [apiv2][body] GET https://cloudresourcemanager.googleapis.com/v1/operations/cp.5695395932723379802 {"name":"operations/cp.5695395932723379802","metadata":{"@type":"type.googleapis.com/google.cloudresourcemanager.v1.ProjectCreationStatus","gettable":true}}
[debug] [2022-06-14T18:00:51.356Z] [Project Creation Poller] Retrying task index 0
[debug] [2022-06-14T18:00:51.356Z] >>> [apiv2][query] GET https://cloudresourcemanager.googleapis.com/v1/operations/cp.5695395932723379802 [none]
[debug] [2022-06-14T18:00:51.737Z] <<< [apiv2][status] GET https://cloudresourcemanager.googleapis.com/v1/operations/cp.5695395932723379802 200
[debug] [2022-06-14T18:00:51.737Z] <<< [apiv2][body] GET https://cloudresourcemanager.googleapis.com/v1/operations/cp.5695395932723379802 {"name":"operations/cp.5695395932723379802","metadata":{"@type":"type.googleapis.com/google.cloudresourcemanager.v1.ProjectCreationStatus","gettable":true,"ready":true},"done":true,"response":{"@type":"type.googleapis.com/google.cloudresourcemanager.v1.Project","projectNumber":"978833705588","projectId":"owlchat","lifecycleState":"ACTIVE","name":"owlchat","createTime":"2022-06-14T18:00:46.284Z","parent":{"type":"organization","id":"671021282451"}}}
[debug] [2022-06-14T18:00:51.738Z] > refreshing access token with scopes: ["email","https://www.googleapis.com/auth/cloud-platform","https://www.googleapis.com/auth/cloudplatformprojects.readonly","https://www.googleapis.com/auth/firebase","openid"]
[debug] [2022-06-14T18:00:51.738Z] >>> HTTP REQUEST POST https://www.googleapis.com/oauth2/v3/token  
 <request body omitted>
[debug] [2022-06-14T18:00:51.857Z] <<< HTTP RESPONSE 200 {"date":"Tue, 14 Jun 2022 18:00:51 GMT","cache-control":"no-cache, no-store, max-age=0, must-revalidate","expires":"Mon, 01 Jan 1990 00:00:00 GMT","pragma":"no-cache","content-type":"application/json; charset=utf-8","vary":"X-Origin, Referer, Origin,Accept-Encoding","server":"scaffolding on HTTPServer2","x-xss-protection":"0","x-frame-options":"SAMEORIGIN","x-content-type-options":"nosniff","alt-svc":"h3=\":443\"; ma=2592000,h3-29=\":443\"; ma=2592000,h3-Q050=\":443\"; ma=2592000,h3-Q046=\":443\"; ma=2592000,h3-Q043=\":443\"; ma=2592000,quic=\":443\"; ma=2592000; v=\"46,43\"","accept-ranges":"none","transfer-encoding":"chunked"}
[debug] [2022-06-14T18:00:51.898Z] >>> HTTP REQUEST POST https://firebase.googleapis.com/v1beta1/projects/owlchat:addFirebase  
 
[debug] [2022-06-14T18:00:53.950Z] <<< HTTP RESPONSE 200 {"content-type":"application/json; charset=UTF-8","vary":"X-Origin, Referer, Origin,Accept-Encoding","date":"Tue, 14 Jun 2022 18:00:54 GMT","server":"ESF","cache-control":"private","x-xss-protection":"0","x-frame-options":"SAMEORIGIN","x-content-type-options":"nosniff","alt-svc":"h3=\":443\"; ma=2592000,h3-29=\":443\"; ma=2592000,h3-Q050=\":443\"; ma=2592000,h3-Q046=\":443\"; ma=2592000,h3-Q043=\":443\"; ma=2592000,quic=\":443\"; ma=2592000; v=\"46,43\"","accept-ranges":"none","transfer-encoding":"chunked"}
[debug] [2022-06-14T18:00:53.951Z] > refreshing access token with scopes: []
[debug] [2022-06-14T18:00:53.951Z] >>> HTTP REQUEST POST https://www.googleapis.com/oauth2/v3/token  
 <request body omitted>
[debug] [2022-06-14T18:00:54.186Z] <<< HTTP RESPONSE 200 {"date":"Tue, 14 Jun 2022 18:00:54 GMT","cache-control":"no-cache, no-store, max-age=0, must-revalidate","expires":"Mon, 01 Jan 1990 00:00:00 GMT","pragma":"no-cache","content-type":"application/json; charset=utf-8","vary":"X-Origin, Referer, Origin,Accept-Encoding","server":"scaffolding on HTTPServer2","x-xss-protection":"0","x-frame-options":"SAMEORIGIN","x-content-type-options":"nosniff","alt-svc":"h3=\":443\"; ma=2592000,h3-29=\":443\"; ma=2592000,h3-Q050=\":443\"; ma=2592000,h3-Q046=\":443\"; ma=2592000,h3-Q043=\":443\"; ma=2592000,quic=\":443\"; ma=2592000; v=\"46,43\"","accept-ranges":"none","transfer-encoding":"chunked"}
[debug] [2022-06-14T18:00:54.226Z] >>> [apiv2][query] GET https://firebase.googleapis.com/v1beta1/operations/workflows/ZjUzYjRmN2QtZDNhYS00YjJmLWJjNmYtNDdlMTc5YTc2ZDg0 [none]
[debug] [2022-06-14T18:00:54.615Z] <<< [apiv2][status] GET https://firebase.googleapis.com/v1beta1/operations/workflows/ZjUzYjRmN2QtZDNhYS00YjJmLWJjNmYtNDdlMTc5YTc2ZDg0 200
[debug] [2022-06-14T18:00:54.615Z] <<< [apiv2][body] GET https://firebase.googleapis.com/v1beta1/operations/workflows/ZjUzYjRmN2QtZDNhYS00YjJmLWJjNmYtNDdlMTc5YTc2ZDg0 {"name":"operations/workflows/ZjUzYjRmN2QtZDNhYS00YjJmLWJjNmYtNDdlMTc5YTc2ZDg0"}
[debug] [2022-06-14T18:00:55.116Z] [Add Firebase Poller] Retrying task index 0
[debug] [2022-06-14T18:00:55.116Z] >>> [apiv2][query] GET https://firebase.googleapis.com/v1beta1/operations/workflows/ZjUzYjRmN2QtZDNhYS00YjJmLWJjNmYtNDdlMTc5YTc2ZDg0 [none]
[debug] [2022-06-14T18:00:55.629Z] <<< [apiv2][status] GET https://firebase.googleapis.com/v1beta1/operations/workflows/ZjUzYjRmN2QtZDNhYS00YjJmLWJjNmYtNDdlMTc5YTc2ZDg0 200
[debug] [2022-06-14T18:00:55.629Z] <<< [apiv2][body] GET https://firebase.googleapis.com/v1beta1/operations/workflows/ZjUzYjRmN2QtZDNhYS00YjJmLWJjNmYtNDdlMTc5YTc2ZDg0 {"name":"operations/workflows/ZjUzYjRmN2QtZDNhYS00YjJmLWJjNmYtNDdlMTc5YTc2ZDg0"}
[debug] [2022-06-14T18:00:56.630Z] [Add Firebase Poller] Retrying task index 0
[debug] [2022-06-14T18:00:56.631Z] >>> [apiv2][query] GET https://firebase.googleapis.com/v1beta1/operations/workflows/ZjUzYjRmN2QtZDNhYS00YjJmLWJjNmYtNDdlMTc5YTc2ZDg0 [none]
[debug] [2022-06-14T18:00:57.005Z] <<< [apiv2][status] GET https://firebase.googleapis.com/v1beta1/operations/workflows/ZjUzYjRmN2QtZDNhYS00YjJmLWJjNmYtNDdlMTc5YTc2ZDg0 200
[debug] [2022-06-14T18:00:57.007Z] <<< [apiv2][body] GET https://firebase.googleapis.com/v1beta1/operations/workflows/ZjUzYjRmN2QtZDNhYS00YjJmLWJjNmYtNDdlMTc5YTc2ZDg0 {"name":"operations/workflows/ZjUzYjRmN2QtZDNhYS00YjJmLWJjNmYtNDdlMTc5YTc2ZDg0"}
[debug] [2022-06-14T18:00:59.008Z] [Add Firebase Poller] Retrying task index 0
[debug] [2022-06-14T18:00:59.009Z] >>> [apiv2][query] GET https://firebase.googleapis.com/v1beta1/operations/workflows/ZjUzYjRmN2QtZDNhYS00YjJmLWJjNmYtNDdlMTc5YTc2ZDg0 [none]
[debug] [2022-06-14T18:00:59.430Z] <<< [apiv2][status] GET https://firebase.googleapis.com/v1beta1/operations/workflows/ZjUzYjRmN2QtZDNhYS00YjJmLWJjNmYtNDdlMTc5YTc2ZDg0 200
[debug] [2022-06-14T18:00:59.430Z] <<< [apiv2][body] GET https://firebase.googleapis.com/v1beta1/operations/workflows/ZjUzYjRmN2QtZDNhYS00YjJmLWJjNmYtNDdlMTc5YTc2ZDg0 {"name":"operations/workflows/ZjUzYjRmN2QtZDNhYS00YjJmLWJjNmYtNDdlMTc5YTc2ZDg0"}
[debug] [2022-06-14T18:01:03.432Z] [Add Firebase Poller] Retrying task index 0
[debug] [2022-06-14T18:01:03.432Z] >>> [apiv2][query] GET https://firebase.googleapis.com/v1beta1/operations/workflows/ZjUzYjRmN2QtZDNhYS00YjJmLWJjNmYtNDdlMTc5YTc2ZDg0 [none]
[debug] [2022-06-14T18:01:03.819Z] <<< [apiv2][status] GET https://firebase.googleapis.com/v1beta1/operations/workflows/ZjUzYjRmN2QtZDNhYS00YjJmLWJjNmYtNDdlMTc5YTc2ZDg0 200
[debug] [2022-06-14T18:01:03.819Z] <<< [apiv2][body] GET https://firebase.googleapis.com/v1beta1/operations/workflows/ZjUzYjRmN2QtZDNhYS00YjJmLWJjNmYtNDdlMTc5YTc2ZDg0 {"name":"operations/workflows/ZjUzYjRmN2QtZDNhYS00YjJmLWJjNmYtNDdlMTc5YTc2ZDg0","done":true,"response":{"@type":"type.googleapis.com/google.firebase.service.v1beta1.FirebaseProject","projectId":"owlchat","projectNumber":"978833705588","displayName":"owlchat","name":"projects/owlchat","resources":{"hostingSite":"owlchat-38b72"}}}
[info] 
[info] 🎉🎉🎉 Your Firebase project is ready! 🎉🎉🎉
[info] 
[info] Project information:
[info]    - Project ID: owlchat
[info]    - Project Name: owlchat
[info] 
[info] Firebase console is available at
[info] https://console.firebase.google.com/project/owlchat/overview
[info] i  Using project owlchat (owlchat) 
[info] 
=== Hosting Setup
[info] 
[info] Your public directory is the folder (relative to your project directory) that
[info] will contain Hosting assets to be uploaded with firebase deploy. If you
[info] have a build process for your assets, use your build's output directory.
[info] 
[info] ✔  Wrote public/404.html 
[debug] [2022-06-14T18:01:51.009Z] >>> [apiv2][query] GET https://www.gstatic.com/firebasejs/releases.json [none]
[debug] [2022-06-14T18:01:51.225Z] <<< [apiv2][status] GET https://www.gstatic.com/firebasejs/releases.json 200
[debug] [2022-06-14T18:01:51.226Z] <<< [apiv2][body] GET https://www.gstatic.com/firebasejs/releases.json {"current":{"version":"9.8.3","browserURL":"https://www.gstatic.com/firebasejs/9.8.3/firebase.js","packageURL":"https://www.gstatic.com/firebasejs/9.8.3/firebase.tgz"},"live":{"version":"9.8","browserURL":"https://www.gstatic.com/firebasejs/live/9.8/firebase.js","packageURL":"https://www.gstatic.com/firebasejs/live/9.8/firebase.tgz"},"components":{"analytics":"https://www.gstatic.com/firebasejs/9.8.3/firebase-analytics.js","app":"https://www.gstatic.com/firebasejs/9.8.3/firebase-app.js","app-check":"https://www.gstatic.com/firebasejs/9.8.3/firebase-app-check.js","auth":"https://www.gstatic.com/firebasejs/9.8.3/firebase-auth.js","auth/cordova":"https://www.gstatic.com/firebasejs/9.8.3/firebase-auth/cordova.js","auth/react-native":"https://www.gstatic.com/firebasejs/9.8.3/firebase-auth/react-native.js","functions":"https://www.gstatic.com/firebasejs/9.8.3/firebase-functions.js","firestore":"https://www.gstatic.com/firebasejs/9.8.3/firebase-firestore.js","firestore/lite":"https://www.gstatic.com/firebasejs/9.8.3/firebase-firestore/lite.js","storage":"https://www.gstatic.com/firebasejs/9.8.3/firebase-storage.js","performance":"https://www.gstatic.com/firebasejs/9.8.3/firebase-performance.js","remote-config":"https://www.gstatic.com/firebasejs/9.8.3/firebase-remote-config.js","messaging":"https://www.gstatic.com/firebasejs/9.8.3/firebase-messaging.js","messaging/sw":"https://www.gstatic.com/firebasejs/9.8.3/firebase-messaging/sw.js","database":"https://www.gstatic.com/firebasejs/9.8.3/firebase-database.js","firestore.memory":"https://www.gstatic.com/firebasejs/9.8.3/firebase-firestore.memory.js"}}
[info] i  Skipping write of public/index.html 
[info] 
[info] i  Didn't detect a .git folder. Assuming /Users/jenperez/Downloads/unichat-course-master is the project root. 
[info] i  Authorizing with GitHub to upload your service account to a GitHub repository's secrets store. 
[info] 
[info] Visit this URL on this device to log in:
[info] https://github.com/login/oauth/authorize?client_id=89cf50f02ac6aaed3484&state=960131758&redirect_uri=http%3A%2F%2Flocalhost%3A9005&scope=read%3Auser%20repo%20public_repo
[info] 
[info] Waiting for authentication...
[debug] [2022-06-14T18:01:58.801Z] >>> HTTP REQUEST POST https://github.com/login/oauth/access_token  
 {"client_id":"89cf50f02ac6aaed3484","client_secret":"3330d14abc895d9a74d5f17cd7a00711fa2c5bf0","code":"f6f0ed39348054e50551","redirect_uri":"http://localhost:9005","state":"960131758"}
[debug] [2022-06-14T18:01:59.200Z] <<< HTTP RESPONSE 200 {"server":"GitHub.com","date":"Tue, 14 Jun 2022 18:01:59 GMT","content-type":"application/json; charset=utf-8","transfer-encoding":"chunked","vary":"X-PJAX, X-PJAX-Container, Turbo-Visit, Turbo-Frame, Accept-Encoding, Accept, X-Requested-With","permissions-policy":"interest-cohort=()","etag":"W/\"8a7b968dc27cd0f89044496ca47da7e2\"","cache-control":"max-age=0, private, must-revalidate","strict-transport-security":"max-age=31536000; includeSubdomains; preload","x-frame-options":"deny","x-content-type-options":"nosniff","x-xss-protection":"0","referrer-policy":"origin-when-cross-origin, strict-origin-when-cross-origin","expect-ct":"max-age=2592000, report-uri=\"https://api.github.com/_private/browser/errors\"","content-security-policy":"default-src 'none'; base-uri 'self'; block-all-mixed-content; child-src github.com/assets-cdn/worker/ gist.github.com/assets-cdn/worker/; connect-src 'self' uploads.github.com objects-origin.githubusercontent.com www.githubstatus.com collector.github.com raw.githubusercontent.com api.github.com github-cloud.s3.amazonaws.com github-production-repository-file-5c1aeb.s3.amazonaws.com github-production-upload-manifest-file-7fdce7.s3.amazonaws.com github-production-user-asset-6210df.s3.amazonaws.com cdn.optimizely.com logx.optimizely.com/v1/events *.actions.githubusercontent.com wss://*.actions.githubusercontent.com online.visualstudio.com/api/v1/locations github-production-repository-image-32fea6.s3.amazonaws.com github-production-release-asset-2e65be.s3.amazonaws.com insights.github.com wss://alive.github.com; font-src github.githubassets.com; form-action 'self' github.com gist.github.com objects-origin.githubusercontent.com; frame-ancestors 'none'; frame-src render.githubusercontent.com viewscreen.githubusercontent.com notebooks.githubusercontent.com; img-src 'self' data: github.githubassets.com identicons.github.com github-cloud.s3.amazonaws.com secured-user-images.githubusercontent.com/ github-production-user-asset-6210df.s3.amazonaws.com *.githubusercontent.com; manifest-src 'self'; media-src github.com user-images.githubusercontent.com/; script-src github.githubassets.com; style-src 'unsafe-inline' github.githubassets.com; worker-src github.com/assets-cdn/worker/ gist.github.com/assets-cdn/worker/","x-github-request-id":"EB5E:5B34:3133F:59EDC:62A8CD16"}
[debug] [2022-06-14T18:01:59.210Z] >>> [apiv2][query] GET https://api.github.com/user [none]
[debug] [2022-06-14T18:01:59.595Z] <<< [apiv2][status] GET https://api.github.com/user 200
[debug] [2022-06-14T18:01:59.596Z] <<< [apiv2][body] GET https://api.github.com/user {"login":"jenperez613","id":93927905,"node_id":"U_kgDOBZk54Q","avatar_url":"https://avatars.githubusercontent.com/u/93927905?v=4","gravatar_id":"","url":"https://api.github.com/users/jenperez613","html_url":"https://github.com/jenperez613","followers_url":"https://api.github.com/users/jenperez613/followers","following_url":"https://api.github.com/users/jenperez613/following{/other_user}","gists_url":"https://api.github.com/users/jenperez613/gists{/gist_id}","starred_url":"https://api.github.com/users/jenperez613/starred{/owner}{/repo}","subscriptions_url":"https://api.github.com/users/jenperez613/subscriptions","organizations_url":"https://api.github.com/users/jenperez613/orgs","repos_url":"https://api.github.com/users/jenperez613/repos","events_url":"https://api.github.com/users/jenperez613/events{/privacy}","received_events_url":"https://api.github.com/users/jenperez613/received_events","type":"User","site_admin":false,"name":"Jen Perez","company":null,"blog":"https://jenperez.dev","location":"Atlanta, GA","email":null,"hireable":null,"bio":null,"twitter_username":"jenperezdev","public_repos":45,"public_gists":0,"followers":3,"following":3,"created_at":"2021-11-08T14:19:41Z","updated_at":"2022-06-01T20:33:11Z","private_gists":0,"total_private_repos":3,"owned_private_repos":3,"disk_usage":141410,"collaborators":0,"two_factor_authentication":true,"plan":{"name":"free","space":976562499,"collaborators":0,"private_repos":10000}}
[info] 
[info] ✔  Success! Logged into GitHub as jenperez613 
[info] 
